[0811/213930:WARNING:resource_bundle.cc(304)] locale_file_path.empty()
[0811/213930:ERROR:main_delegate.cc(564)] Could not load locale pak for en-US
[0811/213930:ERROR:main_delegate.cc(571)] Could not load cef.pak
[0811/213930:ERROR:main_delegate.cc(588)] Could not load cef_100_percent.pak
[0811/213930:WARNING:resource_bundle.cc(497)] locale resources are not loaded
[0811/213930:WARNING:resource_bundle.cc(304)] locale_file_path.empty()
[0811/213930:ERROR:main_delegate.cc(564)] Could not load locale pak for en-US
[0811/213930:ERROR:main_delegate.cc(571)] Could not load cef.pak
[0811/213930:ERROR:main_delegate.cc(588)] Could not load cef_100_percent.pak
[0811/213930:WARNING:resource_bundle.cc(497)] locale resources are not loaded
[0811/213930:WARNING:resource_bundle.cc(304)] locale_file_path.empty()
[0811/213930:ERROR:main_delegate.cc(564)] Could not load locale pak for en-US
[0811/213930:ERROR:main_delegate.cc(571)] Could not load cef.pak
[0811/213930:ERROR:main_delegate.cc(588)] Could not load cef_100_percent.pak
[0811/213930:WARNING:resource_bundle.cc(497)] locale resources are not loaded
[0811/213930:WARNING:resource_bundle.cc(304)] locale_file_path.empty()
[0811/213930:ERROR:main_delegate.cc(564)] Could not load locale pak for en-US
[0811/213930:ERROR:main_delegate.cc(571)] Could not load cef.pak
[0811/213930:ERROR:main_delegate.cc(588)] Could not load cef_100_percent.pak
[0811/213930:WARNING:resource_bundle.cc(304)] locale_file_path.empty()
[0811/213930:ERROR:main_delegate.cc(564)] Could not load locale pak for en-US
[0811/213930:ERROR:main_delegate.cc(571)] Could not load cef.pak
[0811/213930:ERROR:main_delegate.cc(588)] Could not load cef_100_percent.pak
[0811/213931:WARNING:resource_bundle.cc(304)] locale_file_path.empty()
[0811/213931:ERROR:main_delegate.cc(564)] Could not load locale pak for en-US
[0811/213931:ERROR:main_delegate.cc(571)] Could not load cef.pak
[0811/213931:ERROR:main_delegate.cc(588)] Could not load cef_100_percent.pak
[0811/213937:WARNING:resource_bundle.cc(304)] locale_file_path.empty()
[0811/213937:ERROR:main_delegate.cc(564)] Could not load locale pak for en-US
[0811/213937:ERROR:main_delegate.cc(571)] Could not load cef.pak
[0811/213937:ERROR:main_delegate.cc(588)] Could not load cef_100_percent.pak
[0811/213937:ERROR:renderer_main.cc(207)] Running without renderer sandbox
[0811/213940:WARNING:resource_bundle.cc(304)] locale_file_path.empty()
[0811/213940:ERROR:main_delegate.cc(564)] Could not load locale pak for en-US
[0811/213940:ERROR:main_delegate.cc(571)] Could not load cef.pak
[0811/213940:ERROR:main_delegate.cc(588)] Could not load cef_100_percent.pak
[0811/213940:ERROR:renderer_main.cc(207)] Running without renderer sandbox
[0811/213941:WARNING:resource_bundle.cc(304)] locale_file_path.empty()
[0811/213941:ERROR:main_delegate.cc(564)] Could not load locale pak for en-US
[0811/213941:ERROR:main_delegate.cc(571)] Could not load cef.pak
[0811/213941:ERROR:main_delegate.cc(588)] Could not load cef_100_percent.pak
[0811/213941:ERROR:renderer_main.cc(207)] Running without renderer sandbox
[0811/213952:WARNING:resource_bundle.cc(304)] locale_file_path.empty()
[0811/213952:ERROR:main_delegate.cc(564)] Could not load locale pak for en-US
[0811/213952:ERROR:main_delegate.cc(571)] Could not load cef.pak
[0811/213952:ERROR:main_delegate.cc(588)] Could not load cef_100_percent.pak
[0811/213952:WARNING:resource_bundle.cc(497)] locale resources are not loaded
[0811/213952:WARNING:resource_bundle.cc(304)] locale_file_path.empty()
[0811/213952:ERROR:main_delegate.cc(564)] Could not load locale pak for en-US
[0811/213952:ERROR:main_delegate.cc(571)] Could not load cef.pak
[0811/213952:ERROR:main_delegate.cc(588)] Could not load cef_100_percent.pak
[0811/213956:WARNING:resource_bundle.cc(304)] locale_file_path.empty()
[0811/213956:ERROR:main_delegate.cc(564)] Could not load locale pak for en-US
[0811/213956:ERROR:main_delegate.cc(571)] Could not load cef.pak
[0811/213956:ERROR:main_delegate.cc(588)] Could not load cef_100_percent.pak
[0811/213956:ERROR:renderer_main.cc(207)] Running without renderer sandbox
[0811/214006:WARNING:resource_bundle.cc(304)] locale_file_path.empty()
[0811/214006:ERROR:main_delegate.cc(564)] Could not load locale pak for en-US
[0811/214006:ERROR:main_delegate.cc(571)] Could not load cef.pak
[0811/214006:ERROR:main_delegate.cc(588)] Could not load cef_100_percent.pak
[0811/214006:WARNING:resource_bundle.cc(497)] locale resources are not loaded
[0811/214007:WARNING:resource_bundle.cc(304)] locale_file_path.empty()
[0811/214007:ERROR:main_delegate.cc(564)] Could not load locale pak for en-US
[0811/214007:ERROR:main_delegate.cc(571)] Could not load cef.pak
[0811/214007:ERROR:main_delegate.cc(588)] Could not load cef_100_percent.pak
[0811/214011:WARNING:resource_bundle.cc(304)] locale_file_path.empty()
[0811/214011:ERROR:main_delegate.cc(564)] Could not load locale pak for en-US
[0811/214011:ERROR:main_delegate.cc(571)] Could not load cef.pak
[0811/214011:ERROR:main_delegate.cc(588)] Could not load cef_100_percent.pak
[0811/214012:WARNING:resource_bundle.cc(497)] locale resources are not loaded
[0811/214012:WARNING:resource_bundle.cc(304)] locale_file_path.empty()
[0811/214012:ERROR:main_delegate.cc(564)] Could not load locale pak for en-US
[0811/214012:ERROR:main_delegate.cc(571)] Could not load cef.pak
[0811/214012:ERROR:main_delegate.cc(588)] Could not load cef_100_percent.pak
[0811/214015:WARNING:resource_bundle.cc(304)] locale_file_path.empty()
[0811/214015:ERROR:main_delegate.cc(564)] Could not load locale pak for en-US
[0811/214015:ERROR:main_delegate.cc(571)] Could not load cef.pak
[0811/214015:ERROR:main_delegate.cc(588)] Could not load cef_100_percent.pak
[0811/214015:WARNING:resource_bundle.cc(497)] locale resources are not loaded
[0811/214015:WARNING:resource_bundle.cc(304)] locale_file_path.empty()
[0811/214015:ERROR:main_delegate.cc(564)] Could not load locale pak for en-US
[0811/214015:ERROR:main_delegate.cc(571)] Could not load cef.pak
[0811/214015:ERROR:main_delegate.cc(588)] Could not load cef_100_percent.pak
[0811/214021:WARNING:resource_bundle.cc(304)] locale_file_path.empty()
[0811/214021:ERROR:main_delegate.cc(564)] Could not load locale pak for en-US
[0811/214021:ERROR:main_delegate.cc(571)] Could not load cef.pak
[0811/214021:ERROR:main_delegate.cc(588)] Could not load cef_100_percent.pak
[0811/214021:WARNING:resource_bundle.cc(497)] locale resources are not loaded
[0811/214021:WARNING:resource_bundle.cc(304)] locale_file_path.empty()
[0811/214021:ERROR:main_delegate.cc(564)] Could not load locale pak for en-US
[0811/214021:ERROR:main_delegate.cc(571)] Could not load cef.pak
[0811/214021:ERROR:main_delegate.cc(588)] Could not load cef_100_percent.pak
[0811/214025:WARNING:resource_bundle.cc(304)] locale_file_path.empty()
[0811/214025:ERROR:main_delegate.cc(564)] Could not load locale pak for en-US
[0811/214025:ERROR:main_delegate.cc(571)] Could not load cef.pak
[0811/214025:ERROR:main_delegate.cc(588)] Could not load cef_100_percent.pak
[0811/214025:ERROR:renderer_main.cc(207)] Running without renderer sandbox
[0811/214107:WARNING:resource_bundle.cc(304)] locale_file_path.empty()
[0811/214107:ERROR:main_delegate.cc(564)] Could not load locale pak for en-US
[0811/214107:ERROR:main_delegate.cc(571)] Could not load cef.pak
[0811/214107:ERROR:main_delegate.cc(588)] Could not load cef_100_percent.pak
[0811/214107:WARNING:resource_bundle.cc(497)] locale resources are not loaded
[0811/214107:WARNING:resource_bundle.cc(304)] locale_file_path.empty()
[0811/214107:ERROR:main_delegate.cc(564)] Could not load locale pak for en-US
[0811/214107:ERROR:main_delegate.cc(571)] Could not load cef.pak
[0811/214107:ERROR:main_delegate.cc(588)] Could not load cef_100_percent.pak
[0811/214111:WARNING:resource_bundle.cc(304)] locale_file_path.empty()
[0811/214111:ERROR:main_delegate.cc(564)] Could not load locale pak for en-US
[0811/214111:ERROR:main_delegate.cc(571)] Could not load cef.pak
[0811/214111:ERROR:main_delegate.cc(588)] Could not load cef_100_percent.pak
[0811/214111:ERROR:renderer_main.cc(207)] Running without renderer sandbox
[0811/222344:WARNING:resource_bundle.cc(304)] locale_file_path.empty()
[0811/222344:ERROR:main_delegate.cc(564)] Could not load locale pak for en-US
[0811/222344:ERROR:main_delegate.cc(571)] Could not load cef.pak
[0811/222344:ERROR:main_delegate.cc(588)] Could not load cef_100_percent.pak
[0811/222344:ERROR:renderer_main.cc(207)] Running without renderer sandbox
